<?xml version="1.0" encoding="UTF-8"?>
<!-- Generated by org.testng.reporters.JUnitReportReporter -->
<testsuite skipped="0" hostname="LAPTOP-CO6KFNG0" name="com.qa.tests.AddCart" tests="2" failures="0" timestamp="2022-03-30T13:24:20 IST" time="55.640" errors="0">
  <testcase name="validUser" time="18.209" classname="com.qa.tests.AddCart"/>
  <system-out/>
  <testcase name="addToCart" time="37.431" classname="com.qa.tests.AddCart"/>
  <system-out/>
</testsuite> <!-- com.qa.tests.AddCart -->
